<?xml version="1.0" encoding="UTF-8"?>
<testng-results ignored="0" total="5" passed="3" failed="2" skipped="0">
  <reporter-output>
    <line>
      <![CDATA[<br><a target="_blank" href="file:///C:\Users\Lann\eclipse-workspace\hybrid-framework-nopcommerce-test\reportNGImages\Login_02_Invalid_Email_26_08_2022_04_20_35.png"><img src="file:///C:\Users\Lann\eclipse-workspace\hybrid-framework-nopcommerce-test\reportNGImages\Login_02_Invalid_Email_26_08_2022_04_20_35.png" height='100' width='150'/> </a></br>]]>
    </line>
    <line>
      <![CDATA[<br><a target="_blank" href="file:///C:\Users\Lann\eclipse-workspace\hybrid-framework-nopcommerce-test\reportNGImages\Login_05_Wrong_Password_26_08_2022_04_20_37.png"><img src="file:///C:\Users\Lann\eclipse-workspace\hybrid-framework-nopcommerce-test\reportNGImages\Login_05_Wrong_Password_26_08_2022_04_20_37.png" height='100' width='150'/> </a></br>]]>
    </line>
  </reporter-output>
  <suite started-at="2022-08-26T09:20:30Z" name="NopCommerce" finished-at="2022-08-26T09:20:38Z" duration-ms="7803">
    <groups>
    </groups>
    <test started-at="2022-08-26T09:20:30Z" name="Run on Firefox" finished-at="2022-08-26T09:20:38Z" duration-ms="7803">
      <class name="com.nopcommerce.user.Level_18_Apply_ReportNG">
        <test-method is-config="true" signature="beforeClass(java.lang.String)[pri:0, instance:com.nopcommerce.user.Level_18_Apply_ReportNG@2de56eb2]" started-at="2022-08-26T09:20:30Z" name="beforeClass" finished-at="2022-08-26T09:20:33Z" duration-ms="2637" status="PASS">
          <params>
            <param index="0">
              <value>
                <![CDATA[firefox]]>
              </value>
            </param>
          </params>
          <reporter-output>
          </reporter-output>
        </test-method> <!-- beforeClass -->
        <test-method signature="Login_01_Empty_Data()[pri:0, instance:com.nopcommerce.user.Level_18_Apply_ReportNG@2de56eb2]" started-at="2022-08-26T09:20:33Z" name="Login_01_Empty_Data" finished-at="2022-08-26T09:20:34Z" duration-ms="1466" status="PASS">
          <reporter-output>
          </reporter-output>
        </test-method> <!-- Login_01_Empty_Data -->
        <test-method signature="Login_02_Invalid_Email()[pri:0, instance:com.nopcommerce.user.Level_18_Apply_ReportNG@2de56eb2]" started-at="2022-08-26T09:20:34Z" name="Login_02_Invalid_Email" finished-at="2022-08-26T09:20:35Z" duration-ms="737" status="FAIL">
          <exception class="java.lang.AssertionError">
            <message>
              <![CDATA[expected [Wronggg email] but found [Wrong email]]]>
            </message>
            <full-stacktrace>
              <![CDATA[java.lang.AssertionError: expected [Wronggg email] but found [Wrong email]
at org.testng.Assert.fail(Assert.java:96)
at org.testng.Assert.failNotEquals(Assert.java:776)
at org.testng.Assert.assertEqualsImpl(Assert.java:137)
at org.testng.Assert.assertEquals(Assert.java:118)
at org.testng.Assert.assertEquals(Assert.java:442)
at common.BaseTest.verifyEquals(BaseTest.java:77)
at com.nopcommerce.user.Level_18_Apply_ReportNG.Login_02_Invalid_Email(Level_18_Apply_ReportNG.java:61)
at java.base/jdk.internal.reflect.NativeMethodAccessorImpl.invoke0(Native Method)
at java.base/jdk.internal.reflect.NativeMethodAccessorImpl.invoke(NativeMethodAccessorImpl.java:77)
at java.base/jdk.internal.reflect.DelegatingMethodAccessorImpl.invoke(DelegatingMethodAccessorImpl.java:43)
at java.base/java.lang.reflect.Method.invoke(Method.java:568)
at org.testng.internal.MethodInvocationHelper.invokeMethod(MethodInvocationHelper.java:124)
at org.testng.internal.Invoker.invokeMethod(Invoker.java:583)
at org.testng.internal.Invoker.invokeTestMethod(Invoker.java:719)
at org.testng.internal.Invoker.invokeTestMethods(Invoker.java:989)
at org.testng.internal.TestMethodWorker.invokeTestMethods(TestMethodWorker.java:125)
at org.testng.internal.TestMethodWorker.run(TestMethodWorker.java:109)
at org.testng.TestRunner.privateRun(TestRunner.java:648)
at org.testng.TestRunner.run(TestRunner.java:505)
at org.testng.SuiteRunner.runTest(SuiteRunner.java:455)
at org.testng.SuiteRunner.runSequentially(SuiteRunner.java:450)
at org.testng.SuiteRunner.privateRun(SuiteRunner.java:415)
at org.testng.SuiteRunner.run(SuiteRunner.java:364)
at org.testng.SuiteRunnerWorker.runSuite(SuiteRunnerWorker.java:52)
at org.testng.SuiteRunnerWorker.run(SuiteRunnerWorker.java:84)
at org.testng.TestNG.runSuitesSequentially(TestNG.java:1208)
at org.testng.TestNG.runSuitesLocally(TestNG.java:1137)
at org.testng.TestNG.runSuites(TestNG.java:1049)
at org.testng.TestNG.run(TestNG.java:1017)
at org.testng.remote.AbstractRemoteTestNG.run(AbstractRemoteTestNG.java:115)
at org.testng.remote.RemoteTestNG.initAndRun(RemoteTestNG.java:251)
at org.testng.remote.RemoteTestNG.main(RemoteTestNG.java:77)
]]>
            </full-stacktrace>
          </exception> <!-- java.lang.AssertionError -->
          <reporter-output>
            <line>
              <![CDATA[<br><a target="_blank" href="file:///C:\Users\Lann\eclipse-workspace\hybrid-framework-nopcommerce-test\reportNGImages\Login_02_Invalid_Email_26_08_2022_04_20_35.png"><img src="file:///C:\Users\Lann\eclipse-workspace\hybrid-framework-nopcommerce-test\reportNGImages\Login_02_Invalid_Email_26_08_2022_04_20_35.png" height='100' width='150'/> </a></br>]]>
            </line>
          </reporter-output>
        </test-method> <!-- Login_02_Invalid_Email -->
        <test-method signature="Login_03_Not_Registed_Email()[pri:0, instance:com.nopcommerce.user.Level_18_Apply_ReportNG@2de56eb2]" started-at="2022-08-26T09:20:35Z" name="Login_03_Not_Registed_Email" finished-at="2022-08-26T09:20:36Z" duration-ms="820" status="PASS">
          <reporter-output>
          </reporter-output>
        </test-method> <!-- Login_03_Not_Registed_Email -->
        <test-method signature="Login_04_Blank_Password()[pri:0, instance:com.nopcommerce.user.Level_18_Apply_ReportNG@2de56eb2]" started-at="2022-08-26T09:20:36Z" name="Login_04_Blank_Password" finished-at="2022-08-26T09:20:37Z" duration-ms="773" status="PASS">
          <reporter-output>
          </reporter-output>
        </test-method> <!-- Login_04_Blank_Password -->
        <test-method signature="Login_05_Wrong_Password()[pri:0, instance:com.nopcommerce.user.Level_18_Apply_ReportNG@2de56eb2]" started-at="2022-08-26T09:20:37Z" name="Login_05_Wrong_Password" finished-at="2022-08-26T09:20:37Z" duration-ms="738" status="FAIL">
          <exception class="java.lang.AssertionError">
            <message>
              <![CDATA[expected [Login was unsuccessful. PleaseEEEE correct the errors and try again.
No customer account found] but found [Login was unsuccessful. Please correct the errors and try again.
No customer account found]]]>
            </message>
            <full-stacktrace>
              <![CDATA[java.lang.AssertionError: expected [Login was unsuccessful. PleaseEEEE correct the errors and try again.
No customer account found] but found [Login was unsuccessful. Please correct the errors and try again.
No customer account found]
at org.testng.Assert.fail(Assert.java:96)
at org.testng.Assert.failNotEquals(Assert.java:776)
at org.testng.Assert.assertEqualsImpl(Assert.java:137)
at org.testng.Assert.assertEquals(Assert.java:118)
at org.testng.Assert.assertEquals(Assert.java:442)
at common.BaseTest.verifyEquals(BaseTest.java:77)
at com.nopcommerce.user.Level_18_Apply_ReportNG.Login_05_Wrong_Password(Level_18_Apply_ReportNG.java:109)
at java.base/jdk.internal.reflect.NativeMethodAccessorImpl.invoke0(Native Method)
at java.base/jdk.internal.reflect.NativeMethodAccessorImpl.invoke(NativeMethodAccessorImpl.java:77)
at java.base/jdk.internal.reflect.DelegatingMethodAccessorImpl.invoke(DelegatingMethodAccessorImpl.java:43)
at java.base/java.lang.reflect.Method.invoke(Method.java:568)
at org.testng.internal.MethodInvocationHelper.invokeMethod(MethodInvocationHelper.java:124)
at org.testng.internal.Invoker.invokeMethod(Invoker.java:583)
at org.testng.internal.Invoker.invokeTestMethod(Invoker.java:719)
at org.testng.internal.Invoker.invokeTestMethods(Invoker.java:989)
at org.testng.internal.TestMethodWorker.invokeTestMethods(TestMethodWorker.java:125)
at org.testng.internal.TestMethodWorker.run(TestMethodWorker.java:109)
at org.testng.TestRunner.privateRun(TestRunner.java:648)
at org.testng.TestRunner.run(TestRunner.java:505)
at org.testng.SuiteRunner.runTest(SuiteRunner.java:455)
at org.testng.SuiteRunner.runSequentially(SuiteRunner.java:450)
at org.testng.SuiteRunner.privateRun(SuiteRunner.java:415)
at org.testng.SuiteRunner.run(SuiteRunner.java:364)
at org.testng.SuiteRunnerWorker.runSuite(SuiteRunnerWorker.java:52)
at org.testng.SuiteRunnerWorker.run(SuiteRunnerWorker.java:84)
at org.testng.TestNG.runSuitesSequentially(TestNG.java:1208)
at org.testng.TestNG.runSuitesLocally(TestNG.java:1137)
at org.testng.TestNG.runSuites(TestNG.java:1049)
at org.testng.TestNG.run(TestNG.java:1017)
at org.testng.remote.AbstractRemoteTestNG.run(AbstractRemoteTestNG.java:115)
at org.testng.remote.RemoteTestNG.initAndRun(RemoteTestNG.java:251)
at org.testng.remote.RemoteTestNG.main(RemoteTestNG.java:77)
]]>
            </full-stacktrace>
          </exception> <!-- java.lang.AssertionError -->
          <reporter-output>
            <line>
              <![CDATA[<br><a target="_blank" href="file:///C:\Users\Lann\eclipse-workspace\hybrid-framework-nopcommerce-test\reportNGImages\Login_05_Wrong_Password_26_08_2022_04_20_37.png"><img src="file:///C:\Users\Lann\eclipse-workspace\hybrid-framework-nopcommerce-test\reportNGImages\Login_05_Wrong_Password_26_08_2022_04_20_37.png" height='100' width='150'/> </a></br>]]>
            </line>
          </reporter-output>
        </test-method> <!-- Login_05_Wrong_Password -->
        <test-method is-config="true" signature="afterClass()[pri:0, instance:com.nopcommerce.user.Level_18_Apply_ReportNG@2de56eb2]" started-at="2022-08-26T09:20:37Z" name="afterClass" finished-at="2022-08-26T09:20:38Z" duration-ms="520" status="PASS">
          <reporter-output>
          </reporter-output>
        </test-method> <!-- afterClass -->
      </class> <!-- com.nopcommerce.user.Level_18_Apply_ReportNG -->
    </test> <!-- Run on Firefox -->
  </suite> <!-- NopCommerce -->
</testng-results>
